line 53119: unknown code state: 0x5a9552b9
line 53122: unknown code state: 0x45bf7600
Code move event for unknown code: 0x407e4a40
Code move event for unknown code: 0x407e4cc0
Code move event for unknown code: 0x310dc1c0
Code move event for unknown code: 0x310dc400
Code move event for unknown code: 0x310dc1c0
Code move event for unknown code: 0x310dc400
Code move event for unknown code: 0x310dc020
Code move event for unknown code: 0x310dc260
Code move event for unknown code: 0x310dc020
Code move event for unknown code: 0x310dc260
Code move event for unknown code: 0x310dc020
Code move event for unknown code: 0x310dc260
Code move event for unknown code: 0x310dc020
Code move event for unknown code: 0x310dc260
Code move event for unknown code: 0x310dc020
Code move event for unknown code: 0x310dc260
Code move event for unknown code: 0x310dc020
Code move event for unknown code: 0x310dc260
Code move event for unknown code: 0x310dc020
Code move event for unknown code: 0x310dc260
Code move event for unknown code: 0x310dc020
Code move event for unknown code: 0x310dc260
Code move event for unknown code: 0x310dc020
Code move event for unknown code: 0x310dc260
Code move event for unknown code: 0x310dc020
Code move event for unknown code: 0x310dc260
Statistical profiling result from <source>/v8.log, (246811 ticks, 25 unaccounted, 0 excluded).

 [Unknown]:
   ticks  total  nonlib   name
     25    0.0%

 [Shared libraries]:
   ticks  total  nonlib   name
  224142   90.8%    0.0%  b786f000-b7870000
   9895    4.0%    0.0%  /usr/lib/libv8-3.5.10.24.so
   4069    1.6%    0.0%  /usr/bin/node
    416    0.2%    0.0%  /lib/libc-2.12.2.so
      2    0.0%    0.0%  /usr/lib/gcc/i686-pc-linux-gnu/4.5.3/libstdc++.so.6.0.14

 [JavaScript]:
   ticks  total  nonlib   name
    366    0.1%    4.4%  LazyCompile: MapTiled.intersects <source>/src/common/map_tiled.js:103
     94    0.0%    1.1%  LazyCompile: MapTiled.add <source>/src/common/map_tiled.js:25
     81    0.0%    1.0%  Stub: CEntryStub
     81    0.0%    1.0%  Function: EventEmitter.emit events.js:38
     63    0.0%    0.8%  Stub: KeyedLoadElementStub
     61    0.0%    0.7%  LazyCompile: *BasicSerializeArray native json.js:181
     60    0.0%    0.7%  LazyCompile: ToObject native runtime.js:550
     58    0.0%    0.7%  Stub: SubStringStub
     57    0.0%    0.7%  LazyCompile: MapTiled.remove <source>/src/common/map_tiled.js:52
     52    0.0%    0.6%  Function: Socket._writeOut net.js:389
     51    0.0%    0.6%  LazyCompile: FILTER_KEY native runtime.js:398
     50    0.0%    0.6%  Stub: NumberToStringStub
     50    0.0%    0.6%  LazyCompile: Tank.step <source>/src/battle-city/objects/tank.js:85
     48    0.0%    0.6%  LazyCompile: stringify native json.js:307
     46    0.0%    0.6%  LazyCompile: BotsClan.step <source>/src/battle-city/clan.js:131
     44    0.0%    0.5%  Stub: ToBooleanStub_UndefinedSpecObject
     43    0.0%    0.5%  LazyCompile: *BasicJSONSerialize native json.js:273
     39    0.0%    0.5%  Stub: BinaryOpStub_SUB_Alloc_Int32s
     36    0.0%    0.4%  LazyCompile: *ServerUser.onCollectionUpdate <source>/src/server/user.js:137
     35    0.0%    0.4%  LazyCompile: ToString native runtime.js:533
     34    0.0%    0.4%  LazyCompile: Tank.serialize <source>/src/battle-city/objects/tank.js:164
     33    0.0%    0.4%  Stub: CompareICStub {6}
     31    0.0%    0.4%  Function: Buffer.write buffer.js:235
     30    0.0%    0.4%  Stub: CallFunctionStub_Args1
     30    0.0%    0.4%  Function: Buffer buffer.js:128
     28    0.0%    0.3%  Stub: ArgumentsAccessStub_NewNonStrictFast
     27    0.0%    0.3%  Builtin: FunctionCall
     26    0.0%    0.3%  Builtin: ArgumentsAdaptorTrampoline
     25    0.0%    0.3%  Stub: CompareStub_LT
     25    0.0%    0.3%  Function: Socket.write net.js:294
     24    0.0%    0.3%  LazyCompile: TankBot.step <source>/src/battle-city/objects/tankbot.js:18
     22    0.0%    0.3%  LazyCompile: ~ToObject native runtime.js:550
     22    0.0%    0.3%  LazyCompile: DELETE native runtime.js:347
     22    0.0%    0.3%  LazyCompile: *EventEmitter.addListener events.js:92
     21    0.0%    0.3%  Stub: StringAddStub {2}
     20    0.0%    0.2%  Function: Buffer.toString buffer.js:284
     20    0.0%    0.2%  Builtin: JSConstructCall
     19    0.0%    0.2%  Function: ~remove _linklist.js:47
     19    0.0%    0.2%  CallMegamorphic: args_count: 3 {1}
     19    0.0%    0.2%  Builtin: JSConstructStubGeneric
     17    0.0%    0.2%  Stub: KeyedLoadElementStub {1}
     16    0.0%    0.2%  Stub: ToBooleanStub_Bool
     16    0.0%    0.2%  Stub: CompareStub_EQ
     16    0.0%    0.2%  LazyCompile: ServerUser.sendUpdatesToClient <source>/src/server/user.js:36
     15    0.0%    0.2%  Stub: FastNewContextStub
     15    0.0%    0.2%  Builtin: JSEntryTrampoline
     14    0.0%    0.2%  Stub: FastNewClosureStub
     14    0.0%    0.2%  Stub: FastCloneShallowArrayStub {3}
     14    0.0%    0.2%  LazyCompile: ~SubString native string.js:200
     14    0.0%    0.2%  LazyCompile: APPLY_PREPARE native runtime.js:423
     14    0.0%    0.2%  LazyCompile: *append _linklist.js:63
     14    0.0%    0.2%  LazyCompile: *Field.setXY <source>/src/battle-city/field.js:44
     13    0.0%    0.2%  Stub: InstanceofStub
     13    0.0%    0.2%  Stub: CompareStub_GE
     13    0.0%    0.2%  Stub: BinaryOpStub_ADD_Alloc_Int32s
     13    0.0%    0.2%  LazyCompile: Clan.step <source>/src/battle-city/clan.js:76
     13    0.0%    0.2%  LazyCompile: *urlParse url.js:86
     13    0.0%    0.2%  Function: Game.step <source>/src/common/game.js:41
     12    0.0%    0.1%  Stub: StringAddStub
     12    0.0%    0.1%  LazyCompile: EQUALS native runtime.js:53
     12    0.0%    0.1%  LazyCompile: *Field.intersect <source>/src/battle-city/field.js:64
     12    0.0%    0.1%  Function: ~parser.onIncoming http.js:1085
     11    0.0%    0.1%  Function: Socket._onReadable net.js:611
     11    0.0%    0.1%  Function: ServerResponse.writeHead http.js:800
     11    0.0%    0.1%  Builtin: FunctionApply
     10    0.0%    0.1%  Stub: ToBooleanStub_UndefinedString
     10    0.0%    0.1%  Stub: RegExpExecStub
     10    0.0%    0.1%  Stub: CompareICStub {9}
     10    0.0%    0.1%  Stub: CompareICStub {10}
     10    0.0%    0.1%  LazyCompile: *exports.active timers.js:129
     10    0.0%    0.1%  Function: ~store http.js:439
     10    0.0%    0.1%  Function: ~self._writeImpl net.js:152
     10    0.0%    0.1%  Function: ~ReadStream._read fs.js:840
     10    0.0%    0.1%  Function: fs.readFile fs.js:66
     10    0.0%    0.1%  Function: ReadStream._read fs.js:840
     10    0.0%    0.1%  CallMegamorphic: args_count: 0 {2}
      9    0.0%    0.1%  Stub: ToBooleanStub_SpecObject
      9    0.0%    0.1%  Stub: FastCloneShallowArrayStub
      9    0.0%    0.1%  Stub: CompareICStub {3}
      9    0.0%    0.1%  Stub: CompareICStub {1}
      9    0.0%    0.1%  Stub: BinaryOpStub_DIV_OverwriteLeft_Int32s
      9    0.0%    0.1%  LazyCompile: STRING_ADD_LEFT native runtime.js:182
      9    0.0%    0.1%  Function: WebSocket.write /usr/lib/node_modules/socket.io/lib/transports/websocket/hybi-07-12.js:184
      9    0.0%    0.1%  Function: Socket.emit /usr/lib/node_modules/socket.io/lib/socket.js:340
      8    0.0%    0.1%  Stub: FastCloneShallowArrayStub {2}
      8    0.0%    0.1%  Stub: CallFunctionStub_Args4
      8    0.0%    0.1%  LazyCompile: join native array.js:399
      8    0.0%    0.1%  LazyCompile: Field.add <source>/src/battle-city/field.js:19
      8    0.0%    0.1%  LazyCompile: *indexOf native array.js:1122
      8    0.0%    0.1%  LazyCompile: *Socket.dispatch /usr/lib/node_modules/socket.io/lib/socket.js:228
      8    0.0%    0.1%  LazyCompile: *Bullet.step <source>/src/battle-city/objects/bullet.js:41
      8    0.0%    0.1%  Function: ~parser.onHeaderField http.js:59
      8    0.0%    0.1%  Function: ~afterRead fs.js:869
      8    0.0%    0.1%  Function: ~<anonymous> <source>/src/battle-city/field.js:29
      8    0.0%    0.1%  Function: fs.ReadStream fs.js:775
      7    0.0%    0.1%  Stub: CompareICStub {4}
      7    0.0%    0.1%  RegExp: ^(.+\\/(?!$)|\\/)?((?:.+?)?(\\.[^.]*)?)$
      7    0.0%    0.1%  LazyCompile: BasicSerializeObject native json.js:244
      7    0.0%    0.1%  LazyCompile: *match native string.js:179
      7    0.0%    0.1%  LazyCompile: *Socket.packet /usr/lib/node_modules/socket.io/lib/socket.js:206
      7    0.0%    0.1%  LazyCompile: *MapTiled.remove <source>/src/common/map_tiled.js:52
      7    0.0%    0.1%  LazyCompile: *Clan.isFull <source>/src/battle-city/clan.js:62
      7    0.0%    0.1%  LazyCompile: *Base.step <source>/src/battle-city/objects/base.js:113
      7    0.0%    0.1%  Function: ~urlFormat url.js:271
      7    0.0%    0.1%  Function: ~config.browser client minification <source>/src/server.js:72
      7    0.0%    0.1%  CallMegamorphic: args_count: 2 {1}
      7    0.0%    0.1%  CallMegamorphic: args_count: 2
      6    0.0%    0.1%  Stub: StringAddStub {1}
      6    0.0%    0.1%  Stub: CompareStub_EQ_STRICT
      6    0.0%    0.1%  LazyCompile: ~stringify native json.js:307
      6    0.0%    0.1%  LazyCompile: ~ToString native runtime.js:533
      6    0.0%    0.1%  LazyCompile: ~Tank.step <source>/src/battle-city/objects/tank.js:85
      6    0.0%    0.1%  LazyCompile: ~AbstractGameObject <source>/src/battle-city/objects/abstract.js:2
      6    0.0%    0.1%  LazyCompile: b native string.js:36
      6    0.0%    0.1%  LazyCompile: *toLowerCase native string.js:741
      6    0.0%    0.1%  LazyCompile: *floor native math.js:98
      6    0.0%    0.1%  LazyCompile: *exec native regexp.js:167
      6    0.0%    0.1%  LazyCompile: *ceil native math.js:80
      6    0.0%    0.1%  LazyCompile: *Manager.handleRequest /usr/lib/node_modules/socket.io/lib/manager.js:526
      6    0.0%    0.1%  Function: ~parser.onHeadersComplete http.js:82
      6    0.0%    0.1%  Function: ~isBuffer buffer.js:206
      6    0.0%    0.1%  Function: ~changeCallback <source>/src/server/user.js:156
      6    0.0%    0.1%  Function: ~Socket.write net.js:294
      6    0.0%    0.1%  Function: ~Socket.packet /usr/lib/node_modules/socket.io/lib/socket.js:206
      6    0.0%    0.1%  Function: ~OutgoingMessage._writeRaw http.js:376
      6    0.0%    0.1%  Function: ~Game.onAddObject <source>/src/common/game.js:17
      6    0.0%    0.1%  Function: walk /usr/lib/node_modules/socket.io/node_modules/socket.io-client/node_modules/uglify-js/lib/process.js:207
      6    0.0%    0.1%  Function: socket.ondata http.js:1028
      6    0.0%    0.1%  CallMegamorphic: args_count: 1
      5    0.0%    0.1%  Stub: ToBooleanStub_UndefinedSmi
      5    0.0%    0.1%  Stub: ToBooleanStub_UndefinedNullSpecObject
      5    0.0%    0.1%  Stub: StringAddStub {3}
      5    0.0%    0.1%  Stub: JSEntryStub
      5    0.0%    0.1%  Stub: FastNewContextStub {1}
      5    0.0%    0.1%  Stub: CompareICStub {2}
      5    0.0%    0.1%  Stub: CompareICStub
      5    0.0%    0.1%  Stub: BinaryOpStub_ADD_OverwriteLeft_BothStrings
      5    0.0%    0.1%  Stub: BinaryOpStub_ADD_Alloc_Strings
      5    0.0%    0.1%  RegExp: ^\\/\\/[^@\\/]+@[^@\\/]+
      5    0.0%    0.1%  LazyCompile: ~unescapePredicate native uri.js:315
      5    0.0%    0.1%  LazyCompile: ~isAlphaNumeric native uri.js:272
      5    0.0%    0.1%  LazyCompile: ~TimeClip native date.js:378
      5    0.0%    0.1%  LazyCompile: ~Tank.serialize <source>/src/battle-city/objects/tank.js:164
      5    0.0%    0.1%  LazyCompile: *slice native string.js:524
      5    0.0%    0.1%  LazyCompile: *onReadable net.js:174
      5    0.0%    0.1%  LazyCompile: *filter native array.js:990
      5    0.0%    0.1%  LazyCompile: *exports.toArray /usr/lib/node_modules/socket.io/lib/util.js:18
      5    0.0%    0.1%  LazyCompile: *WebSocket.frame /usr/lib/node_modules/socket.io/lib/transports/websocket/hybi-07-12.js:218
      5    0.0%    0.1%  LazyCompile: *ToUint32 native runtime.js:569
      5    0.0%    0.1%  KeyedLoadIC: args_count: 0 {21}
      5    0.0%    0.1%  Function: ~self._readImpl net.js:162
      5    0.0%    0.1%  Function: ~close fs.js:925
      5    0.0%    0.1%  Function: ~OutgoingMessage.end http.js:649
      5    0.0%    0.1%  Function: d native v8natives.js:1444
      5    0.0%    0.1%  Function: OutgoingMessage._storeHeader http.js:427
      4    0.0%    0.0%  Stub: ToBooleanStub_String
      4    0.0%    0.0%  Stub: ToBooleanStub_Smi
      4    0.0%    0.0%  Stub: StringDictionaryNegativeLookupStub
      4    0.0%    0.0%  Stub: KeyedStoreElementStub
      4    0.0%    0.0%  Stub: CompareICStub {5}
      4    0.0%    0.0%  Stub: CompareICStub {13}
      4    0.0%    0.0%  Stub: CallFunctionStub_Args2_Implicit
      4    0.0%    0.0%  Stub: BinaryOpStub_ADD_Alloc_BothStrings
      4    0.0%    0.0%  LazyCompile: ~NonNumberToNumber native runtime.js:521
      4    0.0%    0.0%  LazyCompile: ~MapTiled.remove <source>/src/common/map_tiled.js:52
      4    0.0%    0.0%  LazyCompile: ~Encode native uri.js:167
      4    0.0%    0.0%  LazyCompile: Tank.startMove <source>/src/battle-city/objects/tank.js:221
      4    0.0%    0.0%  LazyCompile: MOD native runtime.js:237
      4    0.0%    0.0%  LazyCompile: *test native regexp.js:223
      4    0.0%    0.0%  LazyCompile: *round native math.js:172
      4    0.0%    0.0%  LazyCompile: *ok assert.js:112
      4    0.0%    0.0%  LazyCompile: *isArrayIsh buffer.js:187
      4    0.0%    0.0%  LazyCompile: *Transport.onDispatch /usr/lib/node_modules/socket.io/lib/transport.js:218
      4    0.0%    0.0%  LazyCompile: *IncomingMessage http.js:209
      4    0.0%    0.0%  LazyCompile: *Field.traversal <source>/src/battle-city/field.js:104
      4    0.0%    0.0%  LazyCompile: *Field.terrain <source>/src/battle-city/field.js:69
      4    0.0%    0.0%  Function: ~fs.readFile fs.js:84
      4    0.0%    0.0%  Function: ~Stream stream.js:25
      4    0.0%    0.0%  Function: ~Socket.setFlags /usr/lib/node_modules/socket.io/lib/socket.js:137
      4    0.0%    0.0%  Function: ~OutgoingMessage http.js:313
      4    0.0%    0.0%  Function: ~Buffer.write buffer.js:235
      4    0.0%    0.0%  Function: levels.forEach.Logger.(anonymous function) /usr/lib/node_modules/socket.io/lib/logger.js:94
      4    0.0%    0.0%  CallMegamorphic: args_count: 5
      4    0.0%    0.0%  Builtin: ArrayConstructCode
      3    0.0%    0.0%  Stub: ToBooleanStub_Undefined
      3    0.0%    0.0%  Stub: ToBooleanStub_NullString
      3    0.0%    0.0%  Stub: FastCloneShallowArrayStub {1}
      3    0.0%    0.0%  Stub: CompareICStub {7}
      3    0.0%    0.0%  Stub: CallFunctionStub_Args2_InLoop
      3    0.0%    0.0%  Stub: CallFunctionStub_Args1_Implicit
      3    0.0%    0.0%  Stub: BinaryOpStub_SUB_Alloc_SMI
      3    0.0%    0.0%  Stub: BinaryOpStub_SUB_Alloc_HeapNumbers
      3    0.0%    0.0%  LazyCompile: ~SimpleSlice native array.js:327
      3    0.0%    0.0%  LazyCompile: ~ServerUser.onCollectionUpdate <source>/src/server/user.js:137
      3    0.0%    0.0%  LazyCompile: ~Base.step <source>/src/battle-city/objects/base.js:113
      3    0.0%    0.0%  LazyCompile: encodeURIComponent native uri.js:314
      3    0.0%    0.0%  LazyCompile: Tank <source>/src/battle-city/objects/tank.js:6
      3    0.0%    0.0%  LazyCompile: TList.count <source>/src/common/list.js:61
      3    0.0%    0.0%  LazyCompile: IN native runtime.js:353
      3    0.0%    0.0%  LazyCompile: *normalizeArray path.js:30
      3    0.0%    0.0%  LazyCompile: *min native math.js:140
      3    0.0%    0.0%  LazyCompile: *isClient <source>/src/server.js:1
      3    0.0%    0.0%  LazyCompile: *indexOf native string.js:115
      3    0.0%    0.0%  LazyCompile: *debug http.js:35
      3    0.0%    0.0%  LazyCompile: *Wall.serialize <source>/src/battle-city/objects/wall.js:20
      3    0.0%    0.0%  LazyCompile: *Wall <source>/src/battle-city/objects/wall.js:6
      3    0.0%    0.0%  LazyCompile: *ServerUser.clientMessage <source>/src/server/user.js:117
      3    0.0%    0.0%  LazyCompile: *AbstractGameObject <source>/src/battle-city/objects/abstract.js:2
      3    0.0%    0.0%  KeyedLoadIC: args_count: 0 {18}
      3    0.0%    0.0%  Function: ~urlParse url.js:86
      3    0.0%    0.0%  Function: ~parser.onURL http.js:49
      3    0.0%    0.0%  Function: ~parser.onIncoming.res._expect_continue http.js:1102
      3    0.0%    0.0%  Function: ~fs.close fs.js:187
      3    0.0%    0.0%  Function: ~allocNewPool fs.js:764
      3    0.0%    0.0%  Function: ~Socket.flush net.js:507
      3    0.0%    0.0%  Function: ~Socket.dispatch /usr/lib/node_modules/socket.io/lib/socket.js:228
      3    0.0%    0.0%  Function: ~OutgoingMessage.write http.js:589
      3    0.0%    0.0%  Function: ~Buffer.slice buffer.js:372
      3    0.0%    0.0%  Function: ~Buffer.copy buffer.js:331
      3    0.0%    0.0%  Function: ~<anonymous> <source>/src/battle-city/objects/tank.js:54
      3    0.0%    0.0%  Function: fs.read fs.js:224
      3    0.0%    0.0%  Function: exports.join path.js:250
      3    0.0%    0.0%  Function: exports.encodePacket /usr/lib/node_modules/socket.io/lib/parser.js:55
      3    0.0%    0.0%  Function: Socket.packet /usr/lib/node_modules/socket.io/lib/socket.js:206
      3    0.0%    0.0%  Function: OutgoingMessage.write http.js:589
      3    0.0%    0.0%  CallPreMonomorphic: args_count: 0 {23}
      3    0.0%    0.0%  CallMegamorphic: args_count: 4
      3    0.0%    0.0%  Builtin: JSConstructStubApi
      2    0.0%    0.0%  Stub: ToNumberStub
      2    0.0%    0.0%  Stub: ToBooleanStub_NullSpecObject
      2    0.0%    0.0%  Stub: KeyedStoreElementStub {1}
      2    0.0%    0.0%  Stub: FastCloneShallowArrayStub {5}
      2    0.0%    0.0%  Stub: CompareICStub {11}
      2    0.0%    0.0%  Stub: CallFunctionStub_Args3
      2    0.0%    0.0%  Stub: CallFunctionStub_Args2
      2    0.0%    0.0%  Stub: CallFunctionStub_Args0_InLoop
      2    0.0%    0.0%  Stub: CallFunctionStub_Args0
      2    0.0%    0.0%  Stub: BinaryOpStub_ADD_OverwriteLeft_Strings
      2    0.0%    0.0%  RegExp: Transfer-Encoding
      2    0.0%    0.0%  LazyCompile: ~vector <source>/src/common/func.js:1
      2    0.0%    0.0%  LazyCompile: ~join native array.js:399
      2    0.0%    0.0%  LazyCompile: ~isFinite native v8natives.js:86
      2    0.0%    0.0%  LazyCompile: ~isArray native array.js:1311
      2    0.0%    0.0%  LazyCompile: ~indexOf native array.js:1122
      2    0.0%    0.0%  LazyCompile: ~Wall.serialize <source>/src/battle-city/objects/wall.js:20
      2    0.0%    0.0%  LazyCompile: ~UseSparseVariant native array.js:111
      2    0.0%    0.0%  LazyCompile: ~ToPrimitive native runtime.js:489
      2    0.0%    0.0%  LazyCompile: ~TList.count <source>/src/common/list.js:61
      2    0.0%    0.0%  LazyCompile: ~SimpleMove native array.js:340
      2    0.0%    0.0%  LazyCompile: ~DefineOwnProperty native v8natives.js:688
      2    0.0%    0.0%  LazyCompile: ~Bullet.serialize <source>/src/battle-city/objects/bullet.js:72
      2    0.0%    0.0%  LazyCompile: ~BasicSerializeArray native json.js:181
      2    0.0%    0.0%  LazyCompile: random native math.js:167
      2    0.0%    0.0%  LazyCompile: Join native array.js:119
      2    0.0%    0.0%  LazyCompile: COMPARE native runtime.js:119
      2    0.0%    0.0%  LazyCompile: BotsClan.startGame <source>/src/battle-city/clan.js:161
      2    0.0%    0.0%  LazyCompile: *split native string.js:563
      2    0.0%    0.0%  LazyCompile: *slice /usr/lib/node_modules/socket.io/node_modules/socket.io-client/node_modules/uglify-js/lib/parse-js.js:1302
      2    0.0%    0.0%  LazyCompile: *max native math.js:120
      2    0.0%    0.0%  LazyCompile: *isArray native array.js:1311
      2    0.0%    0.0%  LazyCompile: *exports.normalize path.js:229
      2    0.0%    0.0%  LazyCompile: *exports.exists path.js:290
      2    0.0%    0.0%  LazyCompile: *d native v8natives.js:1444
      2    0.0%    0.0%  LazyCompile: *Transport.handleRequest.req /usr/lib/node_modules/socket.io/lib/transport.js:40
      2    0.0%    0.0%  LazyCompile: *Tank.fire <source>/src/battle-city/objects/tank.js:63
      2    0.0%    0.0%  LazyCompile: *NativeModule.require node.js:391
      2    0.0%    0.0%  LazyCompile: *Manager.checkRequest /usr/lib/node_modules/socket.io/lib/manager.js:897
      2    0.0%    0.0%  LazyCompile: *ArraySlice native array.js:604
      2    0.0%    0.0%  LazyCompile: *AbstractGameObject.setSpeedY <source>/src/battle-city/objects/abstract.js:21
      2    0.0%    0.0%  KeyedLoadIC: args_count: 0 {4}
      2    0.0%    0.0%  KeyedLoadIC: args_count: 0 {27}
      2    0.0%    0.0%  KeyedLoadIC: args_count: 0 {24}
      2    0.0%    0.0%  KeyedLoadIC: args_count: 0 {22}
      2    0.0%    0.0%  KeyedLoadIC: args_count: 0 {11}
      2    0.0%    0.0%  KeyedLoadIC: args_count: 0 {10}
      2    0.0%    0.0%  Function: ~parser.onMessageComplete http.js:125
      2    0.0%    0.0%  Function: ~normalizeArray path.js:30
      2    0.0%    0.0%  Function: ~make /usr/lib/node_modules/socket.io/node_modules/socket.io-client/node_modules/uglify-js/lib/process.js:1653
      2    0.0%    0.0%  Function: ~fs.readFile fs.js:66
      2    0.0%    0.0%  Function: ~fs.createReadStream fs.js:771
      2    0.0%    0.0%  Function: ~exports.join path.js:252
      2    0.0%    0.0%  Function: ~exports.exists path.js:290
      2    0.0%    0.0%  Function: ~exports.active timers.js:129
      2    0.0%    0.0%  Function: ~d native v8natives.js:1444
      2    0.0%    0.0%  Function: ~add_spaces /usr/lib/node_modules/socket.io/node_modules/socket.io-client/node_modules/uglify-js/lib/process.js:1251
      2    0.0%    0.0%  Function: ~Transport.clearHeartbeatInterval /usr/lib/node_modules/socket.io/lib/transport.js:400
      2    0.0%    0.0%  Function: ~ServerResponse http.js:774
      2    0.0%    0.0%  Function: ~OutgoingMessage.assignSocket http.js:337
      2    0.0%    0.0%  Function: ~OutgoingMessage._storeHeader http.js:427
      2    0.0%    0.0%  Function: ~Manager.onClientDisconnect /usr/lib/node_modules/socket.io/lib/manager.js:469
      2    0.0%    0.0%  Function: ~IncomingMessage._addHeaderLine http.js:266
      2    0.0%    0.0%  Function: ~<anonymous> path.js:234
      2    0.0%    0.0%  Function: parser.onMessageComplete http.js:125
      2    0.0%    0.0%  CallPreMonomorphic: args_count: 2 {2}
      2    0.0%    0.0%  CallNormal: args_count: 0 {31}
      1    0.0%    0.0%  Stub: ToBooleanStub_UndefinedSpecObjectString
      1    0.0%    0.0%  Stub: ToBooleanStub_Null
      1    0.0%    0.0%  Stub: ToBooleanStub_BoolSmi
      1    0.0%    0.0%  Stub: RegExpConstructResultStub
      1    0.0%    0.0%  Stub: JSConstructEntryStub
      1    0.0%    0.0%  Stub: InstanceofStub_REGS
      1    0.0%    0.0%  Stub: FastNewContextStub {5}
      1    0.0%    0.0%  Stub: FastNewContextStub {4}
      1    0.0%    0.0%  Stub: FastNewContextStub {3}
      1    0.0%    0.0%  Stub: FastNewContextStub {2}
      1    0.0%    0.0%  Stub: FastCloneShallowArrayStub {6}
      1    0.0%    0.0%  Stub: FastCloneShallowArrayStub {4}
      1    0.0%    0.0%  Stub: CompareICStub {8}
      1    0.0%    0.0%  Stub: CompareICStub {12}
      1    0.0%    0.0%  Stub: CallFunctionStub_Args1_InLoop
      1    0.0%    0.0%  Stub: CallFunctionStub_Args0_Implicit
      1    0.0%    0.0%  Stub: BinaryOpStub_MUL_OverwriteRight_HeapNumbers
      1    0.0%    0.0%  Stub: BinaryOpStub_DIV_Alloc_Int32s
      1    0.0%    0.0%  Stub: BinaryOpStub_ADD_OverwriteRight_Uninitialized
      1    0.0%    0.0%  Stub: BinaryOpStub_ADD_OverwriteRight_BothStrings
      1    0.0%    0.0%  Stub: BinaryOpStub_ADD_Alloc_SMI
      1    0.0%    0.0%  Stub: BinaryOpStub_ADD_Alloc_HeapNumbers
      1    0.0%    0.0%  Stub: ArgumentsAccessStub_ReadElement
      1    0.0%    0.0%  RegExp: ^\\d*\\.?\\d*(?:e[+-]?\\d*(?:\\d\\.?|\\.?\\d)\\d*)?$
      1    0.0%    0.0%  RegExp: ^\\/([^\\/]+)\\/?([^\\/]+)?\\/?([^\\/]+)?\\/?$
      1    0.0%    0.0%  RegExp: [\\+\\-]$ {1}
      1    0.0%    0.0%  RegExp: [\\+\\-]$
      1    0.0%    0.0%  RegExp: Expect
      1    0.0%    0.0%  RegExp: Content-Length
      1    0.0%    0.0%  RegExp: ;*\\s*$ {1}
      1    0.0%    0.0%  LazyCompile: ~split native string.js:563
      1    0.0%    0.0%  LazyCompile: ~parseInt native v8natives.js:95
      1    0.0%    0.0%  LazyCompile: ~now native date.js:570
      1    0.0%    0.0%  LazyCompile: ~keys native v8natives.js:320
      1    0.0%    0.0%  LazyCompile: ~filter native array.js:990
      1    0.0%    0.0%  LazyCompile: ~exports.toArray /usr/lib/node_modules/socket.io/lib/util.js:18
      1    0.0%    0.0%  LazyCompile: ~encodeURIComponent native uri.js:314
      1    0.0%    0.0%  LazyCompile: ~captureStackTrace native messages.js:1061
      1    0.0%    0.0%  LazyCompile: ~Wall.hit <source>/src/battle-city/objects/wall.js:43
      1    0.0%    0.0%  LazyCompile: ~ToUint32 native runtime.js:569
      1    0.0%    0.0%  LazyCompile: ~ToNumber native runtime.js:510
      1    0.0%    0.0%  LazyCompile: ~TimeString native date.js:491
      1    0.0%    0.0%  LazyCompile: ~TankBot.step <source>/src/battle-city/objects/tankbot.js:18
      1    0.0%    0.0%  LazyCompile: ~Tank.startMove <source>/src/battle-city/objects/tank.js:221
      1    0.0%    0.0%  LazyCompile: ~StringReplaceGlobalRegExpWithFunction native string.js:396
      1    0.0%    0.0%  LazyCompile: ~Premade.unjoin <source>/src/common/premade.js:73
      1    0.0%    0.0%  LazyCompile: ~Premade.serialize <source>/src/common/premade.js:141
      1    0.0%    0.0%  LazyCompile: ~MapTiled.add <source>/src/common/map_tiled.js:25
      1    0.0%    0.0%  LazyCompile: ~LocalTimeNoCheck native date.js:248
      1    0.0%    0.0%  LazyCompile: ~Field.setXY <source>/src/battle-city/field.js:44
      1    0.0%    0.0%  LazyCompile: ~Field.move <source>/src/battle-city/field.js:49
      1    0.0%    0.0%  LazyCompile: ~DefaultString native runtime.js:628
      1    0.0%    0.0%  LazyCompile: ~ConfigureTemplateInstance native apinatives.js:105
      1    0.0%    0.0%  LazyCompile: ~Clan.attachUser <source>/src/battle-city/clan.js:21
      1    0.0%    0.0%  LazyCompile: ~Bullet <source>/src/battle-city/objects/bullet.js:6
      1    0.0%    0.0%  LazyCompile: ~BuildResultFromMatchInfo native regexp.js:126
      1    0.0%    0.0%  LazyCompile: ~BasicJSONSerialize native json.js:273
      1    0.0%    0.0%  LazyCompile: setTime native date.js:771
      1    0.0%    0.0%  LazyCompile: TankBot <source>/src/battle-city/objects/tankbot.js:2
      1    0.0%    0.0%  LazyCompile: ServerUser.watchCollection <source>/src/server/user.js:147
      1    0.0%    0.0%  LazyCompile: ConfigureTemplateInstance native apinatives.js:105
      1    0.0%    0.0%  LazyCompile: Clan.startGame <source>/src/battle-city/clan.js:92
      1    0.0%    0.0%  LazyCompile: Bullet.onIntersect <source>/src/battle-city/objects/bullet.js:54
      1    0.0%    0.0%  LazyCompile: *toString native v8natives.js:1261
      1    0.0%    0.0%  LazyCompile: *parser.onHeaderValue http.js:73
      1    0.0%    0.0%  LazyCompile: *onWritable net.js:181
      1    0.0%    0.0%  LazyCompile: *now native date.js:570
      1    0.0%    0.0%  LazyCompile: *next /usr/lib/node_modules/socket.io/node_modules/socket.io-client/node_modules/uglify-js/lib/parse-js.js:298
      1    0.0%    0.0%  LazyCompile: *keys native v8natives.js:320
      1    0.0%    0.0%  LazyCompile: *block_ /usr/lib/node_modules/socket.io/node_modules/socket.io-client/node_modules/uglify-js/lib/parse-js.js:975
      1    0.0%    0.0%  LazyCompile: *allocPool buffer.js:199
      1    0.0%    0.0%  LazyCompile: *add_spaces /usr/lib/node_modules/socket.io/node_modules/socket.io-client/node_modules/uglify-js/lib/process.js:1251
      1    0.0%    0.0%  LazyCompile: *Tank <source>/src/battle-city/objects/tank.js:6
      1    0.0%    0.0%  LazyCompile: *Stream stream.js:25
      1    0.0%    0.0%  LazyCompile: *Socket net.js:214
      1    0.0%    0.0%  LazyCompile: *OutgoingMessage._writeRaw http.js:376
      1    0.0%    0.0%  LazyCompile: *NativeModule.compile node.js:434
      1    0.0%    0.0%  LazyCompile: *Module._findPath module.js:150
      1    0.0%    0.0%  LazyCompile: *MapTiled.setXY <source>/src/common/map_tiled.js:75
      1    0.0%    0.0%  LazyCompile: *MapTiled.move <source>/src/common/map_tiled.js:83
      1    0.0%    0.0%  LazyCompile: *HOP /usr/lib/node_modules/socket.io/node_modules/socket.io-client/node_modules/uglify-js/lib/parse-js.js:1317
      1    0.0%    0.0%  LazyCompile: *CreateDate native apinatives.js:33
      1    0.0%    0.0%  LazyCompile: *BuildResultFromMatchInfo native regexp.js:126
      1    0.0%    0.0%  LazyCompile: *AbstractGameObject.setSpeedX <source>/src/battle-city/objects/abstract.js:15
      1    0.0%    0.0%  KeyedStoreMegamorphicIC: args_count: 0 {28}
      1    0.0%    0.0%  KeyedLoadMegamorphicIC: args_count: 0 {9}
      1    0.0%    0.0%  KeyedLoadMegamorphicIC: args_count: 0 {7}
      1    0.0%    0.0%  KeyedLoadMegamorphicIC: args_count: 0
      1    0.0%    0.0%  KeyedLoadIC: logger {2}
      1    0.0%    0.0%  KeyedLoadIC: logger {1}
      1    0.0%    0.0%  KeyedLoadIC: logger
      1    0.0%    0.0%  KeyedLoadIC: log colors
      1    0.0%    0.0%  KeyedLoadIC: args_count: 0 {8}
      1    0.0%    0.0%  KeyedLoadIC: args_count: 0 {6}
      1    0.0%    0.0%  KeyedLoadIC: args_count: 0 {5}
      1    0.0%    0.0%  KeyedLoadIC: args_count: 0 {32}
      1    0.0%    0.0%  KeyedLoadIC: args_count: 0 {30}
      1    0.0%    0.0%  KeyedLoadIC: args_count: 0 {29}
      1    0.0%    0.0%  KeyedLoadIC: args_count: 0 {26}
      1    0.0%    0.0%  KeyedLoadIC: args_count: 0 {1}
      1    0.0%    0.0%  KeyedLoadIC: args_count: 0 {19}
      1    0.0%    0.0%  KeyedLoadIC: args_count: 0 {17}
      1    0.0%    0.0%  KeyedLoadIC: args_count: 0 {16}
      1    0.0%    0.0%  KeyedLoadIC: args_count: 0 {15}
      1    0.0%    0.0%  KeyedLoadIC: args_count: 0 {14}
      1    0.0%    0.0%  KeyedLoadIC: args_count: 0 {13}
      1    0.0%    0.0%  KeyedLoadIC: args_count: 0 {12}
      1    0.0%    0.0%  KeyedLoadIC: Wall
      1    0.0%    0.0%  Function: ~wrapper fs.js:243
      1    0.0%    0.0%  Function: ~with_scope /usr/lib/node_modules/socket.io/node_modules/socket.io-client/node_modules/uglify-js/lib/process.js:503
      1    0.0%    0.0%  Function: ~walkers.object /usr/lib/node_modules/socket.io/node_modules/socket.io-client/node_modules/uglify-js/lib/process.js:175
      1    0.0%    0.0%  Function: ~walkers.num /usr/lib/node_modules/socket.io/node_modules/socket.io-client/node_modules/uglify-js/lib/process.js:88
      1    0.0%    0.0%  Function: ~walkers.name /usr/lib/node_modules/socket.io/node_modules/socket.io-client/node_modules/uglify-js/lib/process.js:91
      1    0.0%    0.0%  Function: ~stringToFlags fs.js:153
      1    0.0%    0.0%  Function: ~setImplmentationMethods net.js:113
      1    0.0%    0.0%  Function: ~parser.onMessageBegin http.js:42
      1    0.0%    0.0%  Function: ~parser.onHeaderValue http.js:73
      1    0.0%    0.0%  Function: ~module.exports /usr/lib/node_modules/socket.io/node_modules/socket.io-client/bin/builder.js:159
      1    0.0%    0.0%  Function: ~maybe_assign /usr/lib/node_modules/socket.io/node_modules/socket.io-client/node_modules/uglify-js/lib/parse-js.js:1240
      1    0.0%    0.0%  Function: ~is_identifier_char /usr/lib/node_modules/socket.io/node_modules/socket.io-client/node_modules/uglify-js/lib/parse-js.js:235
      1    0.0%    0.0%  Function: ~isArrayIsh buffer.js:187
      1    0.0%    0.0%  Function: ~generators.dot /usr/lib/node_modules/socket.io/node_modules/socket.io-client/node_modules/uglify-js/lib/process.js:1413
      1    0.0%    0.0%  Function: ~generators.binary /usr/lib/node_modules/socket.io/node_modules/socket.io-client/node_modules/uglify-js/lib/process.js:1468
      1    0.0%    0.0%  Function: ~fs.readFile.readStream.on.buffer fs.js:74
      1    0.0%    0.0%  Function: ~fs.read fs.js:224
      1    0.0%    0.0%  Function: ~expr_op /usr/lib/node_modules/socket.io/node_modules/socket.io-client/node_modules/uglify-js/lib/parse-js.js:1200
      1    0.0%    0.0%  Function: ~exports.normalize path.js:229
      1    0.0%    0.0%  Function: ~exports.exists path.js:291
      1    0.0%    0.0%  Function: ~exports.enroll timers.js:117
      1    0.0%    0.0%  Function: ~exports.encodePacket /usr/lib/node_modules/socket.io/lib/parser.js:55
      1    0.0%    0.0%  Function: ~encode_string /usr/lib/node_modules/socket.io/node_modules/socket.io-client/node_modules/uglify-js/lib/process.js:1222
      1    0.0%    0.0%  Function: ~defaults /usr/lib/node_modules/socket.io/node_modules/socket.io-client/node_modules/uglify-js/lib/process.js:1721
      1    0.0%    0.0%  Function: ~debug http.js:35
      1    0.0%    0.0%  Function: ~backslash /usr/lib/node_modules/socket.io/node_modules/socket.io-client/node_modules/uglify-js/lib/parse-js.js:472
      1    0.0%    0.0%  Function: ~append _linklist.js:63
      1    0.0%    0.0%  Function: ~_vardefs /usr/lib/node_modules/socket.io/node_modules/socket.io-client/node_modules/uglify-js/lib/process.js:70
      1    0.0%    0.0%  Function: ~Transport.clearHeartbeatTimeout /usr/lib/node_modules/socket.io/lib/transport.js:281
      1    0.0%    0.0%  Function: ~ReadStream.destroy fs.js:926
      1    0.0%    0.0%  Function: ~ReadStream.destroy fs.js:921
      1    0.0%    0.0%  Function: ~ReadStream._emitData fs.js:911
      1    0.0%    0.0%  Function: ~Parser /usr/lib/node_modules/socket.io/lib/transports/websocket/hybi-07-12.js:266
      1    0.0%    0.0%  Function: ~OutgoingMessage.detachSocket http.js:346
      1    0.0%    0.0%  Function: ~Manager.onDisconnect /usr/lib/node_modules/socket.io/lib/manager.js:483
      1    0.0%    0.0%  Function: ~Manager.handleClient /usr/lib/node_modules/socket.io/lib/manager.js:604
      1    0.0%    0.0%  Function: ~Manager.get /usr/lib/node_modules/socket.io/lib/manager.js:172
      1    0.0%    0.0%  Function: ~Manager.enabled /usr/lib/node_modules/socket.io/lib/manager.js:229
      1    0.0%    0.0%  Function: ~Manager.checkRequest /usr/lib/node_modules/socket.io/lib/manager.js:897
      1    0.0%    0.0%  Function: ~MAP /usr/lib/node_modules/socket.io/node_modules/socket.io-client/node_modules/uglify-js/lib/process.js:1748
      1    0.0%    0.0%  Function: ~Logger.log /usr/lib/node_modules/socket.io/lib/logger.js:72
      1    0.0%    0.0%  Function: ~HOP /usr/lib/node_modules/socket.io/node_modules/socket.io-client/node_modules/uglify-js/lib/process.js:1739
      1    0.0%    0.0%  Function: ~HOP /usr/lib/node_modules/socket.io/node_modules/socket.io-client/node_modules/uglify-js/lib/parse-js.js:1317
      1    0.0%    0.0%  Function: ~EventEmitter.removeListener events.js:152
      1    0.0%    0.0%  Function: ~Buffer.toString buffer.js:284
      1    0.0%    0.0%  Function: self.watcher.callback net.js:904
      1    0.0%    0.0%  Function: fs.open fs.js:208
      1    0.0%    0.0%  Function: connectionListener http.js:986
      1    0.0%    0.0%  Function: Logger.log /usr/lib/node_modules/socket.io/lib/logger.js:72
      1    0.0%    0.0%  Function: IncomingMessage._addHeaderLine http.js:266
      1    0.0%    0.0%  CallPreMonomorphic: args_count: 4 {1}
      1    0.0%    0.0%  CallMiss: args_count: 3 {2}
      1    0.0%    0.0%  CallMiss: args_count: 1 {2}
      1    0.0%    0.0%  CallMiss: args_count: 0 {20}
      1    0.0%    0.0%  CallInitialize: args_count: 2 {3}
      1    0.0%    0.0%  CallInitialize: args_count: 0 {25}
      1    0.0%    0.0%  Builtin: HandleApiCall
      1    0.0%    0.0%  Builtin: ArraySlice
      1    0.0%    0.0%  Builtin: ArrayShift

 [C++]:
   ticks  total  nonlib   name
   2508    1.0%   30.3%  __pthread_cond_signal
    464    0.2%    5.6%  node::Parser::Execute(v8::Arguments const&)
    291    0.1%    3.5%  _init
    261    0.1%    3.1%  _IO_vfprintf
    105    0.0%    1.3%  node::Buffer::New(v8::Arguments const&)
    102    0.0%    1.2%  _IO_default_xsputn
     73    0.0%    0.9%  node::WrappedScript::CompileRunInThisContext(v8::Arguments const&)
     57    0.0%    0.7%  __pthread_getspecific
     56    0.0%    0.7%  http_parser_execute
     51    0.0%    0.6%  __vsnprintf_chk
     50    0.0%    0.6%  strchrnul
     40    0.0%    0.5%  __pthread_mutex_lock
     37    0.0%    0.4%  _IO_fwrite
     33    0.0%    0.4%  v8::Function::Call(v8::Handle<v8::Object>, int, v8::Handle<v8::Value>*)
     30    0.0%    0.4%  node::Encode(void const*, unsigned int, node::encoding)
     30    0.0%    0.4%  __libc_malloc
     25    0.0%    0.3%  __i686.get_pc_thunk.bx
     24    0.0%    0.3%  ceil
     23    0.0%    0.3%  wcrtomb
     22    0.0%    0.3%  _IO_setb
     21    0.0%    0.3%  node::DecodeWrite(char*, unsigned int, v8::Handle<v8::Value>, node::encoding)
     21    0.0%    0.3%  __libc_free
     21    0.0%    0.3%  _IO_fflush
     20    0.0%    0.2%  _IO_file_xsputn
     19    0.0%    0.2%  ev_run
     19    0.0%    0.2%  __write
     18    0.0%    0.2%  v8::String::WriteUtf8(char*, int, int*, int) const
     17    0.0%    0.2%  _IO_file_sync
     16    0.0%    0.2%  v8::TryCatch::TryCatch()
     15    0.0%    0.2%  v8::Object::Get(v8::Handle<v8::Value>)
     15    0.0%    0.2%  v8::Locker::IsActive()
     15    0.0%    0.2%  __pthread_mutex_unlock_usercnt
     15    0.0%    0.2%  _IO_file_write
     14    0.0%    0.2%  ev_invoke_pending
     12    0.0%    0.1%  node::Buffer::Utf8Write(v8::Arguments const&)
     11    0.0%    0.1%  v8::TryCatch::HasCaught() const
     11    0.0%    0.1%  v8::HandleScope::HandleScope()
     11    0.0%    0.1%  _dl_mcount_wrapper_check
     10    0.0%    0.1%  v8::Object::InternalFieldCount()
     10    0.0%    0.1%  v8::HandleScope::~HandleScope()
     10    0.0%    0.1%  node::Timer::OnTimeout(ev_timer*, int)
     10    0.0%    0.1%  node::Buffer::BinaryWrite(v8::Arguments const&)
      9    0.0%    0.1%  eio_poll
      8    0.0%    0.1%  v8::Value::IsFunction() const
      8    0.0%    0.1%  v8::HandleScope::RawClose(v8::internal::Object**)
      8    0.0%    0.1%  memchr
      8    0.0%    0.1%  __strcasecmp
      8    0.0%    0.1%  __libc_calloc
      8    0.0%    0.1%  _IO_do_write
      6    0.0%    0.1%  v8::Value::ToObject() const
      6    0.0%    0.1%  v8::String::Utf8Length() const
      6    0.0%    0.1%  v8::Object::SetIndexedPropertiesToExternalArrayData(void*, v8::ExternalArrayType, int)
      6    0.0%    0.1%  v8::Object::GetIndexedPropertiesExternalArrayDataType()
      6    0.0%    0.1%  v8::Integer::New(int)
      6    0.0%    0.1%  operator delete(void*)
      6    0.0%    0.1%  node::Buffer::Copy(v8::Arguments const&)
      5    0.0%    0.1%  v8::Value::ToString() const
      5    0.0%    0.1%  v8::String::Write(unsigned short*, int, int, int) const
      5    0.0%    0.1%  v8::String::Length() const
      5    0.0%    0.1%  v8::Object::Set(v8::Handle<v8::Value>, v8::Handle<v8::Value>, v8::PropertyAttribute)
      5    0.0%    0.1%  v8::Object::New()
      5    0.0%    0.1%  v8::HandleScope::Leave()
      5    0.0%    0.1%  operator new(unsigned int)
      5    0.0%    0.1%  node::Buffer::ByteLength(v8::Arguments const&)
      5    0.0%    0.1%  floor
      5    0.0%    0.1%  __strdup
      4    0.0%    0.0%  v8::V8::GlobalizeReference(v8::internal::Object**)
      4    0.0%    0.0%  v8::Undefined()
      4    0.0%    0.0%  v8::Number::New(double)
      4    0.0%    0.0%  v8::Null()
      4    0.0%    0.0%  operator delete[](void*)
      4    0.0%    0.0%  node::crypto::Hash::HashDigest(v8::Arguments const&)
      4    0.0%    0.0%  __fpclassify
      3    0.0%    0.0%  v8::Value::IsInt32() const
      3    0.0%    0.0%  v8::HandleScope::CreateHandle(v8::internal::Object*)
      3    0.0%    0.0%  node::Parser::on_header_value(http_parser*, char const*, unsigned int)
      3    0.0%    0.0%  node::Buffer::MakeFastBuffer(v8::Arguments const&)
      3    0.0%    0.0%  node::Buffer::BinarySlice(v8::Arguments const&)
      3    0.0%    0.0%  ev_feed_event
      2    0.0%    0.0%  v8::Value::IsUndefined() const
      2    0.0%    0.0%  v8::TryCatch::~TryCatch()
      2    0.0%    0.0%  v8::String::Utf8Value::~Utf8Value()
      2    0.0%    0.0%  v8::String::New(char const*, int)
      2    0.0%    0.0%  v8::Function::NewInstance(int, v8::Handle<v8::Value>*) const
      2    0.0%    0.0%  v8::Context::Global()
      2    0.0%    0.0%  v8::Context::GetCurrent()
      2    0.0%    0.0%  syscall
      2    0.0%    0.0%  node::IOWatcher::Start(v8::Arguments const&)
      2    0.0%    0.0%  node::IOWatcher::Set(v8::Arguments const&)
      2    0.0%    0.0%  node::Channel::New(v8::Arguments const&)
      2    0.0%    0.0%  node::BuildStatsObject(stat*)
      2    0.0%    0.0%  node::Buffer::HasInstance(v8::Handle<v8::Value>)
      2    0.0%    0.0%  node::Buffer::AsciiSlice(v8::Arguments const&)
      2    0.0%    0.0%  eio_close
      2    0.0%    0.0%  __finite
      1    0.0%    0.0%  v8::Value::Uint32Value() const
      1    0.0%    0.0%  v8::Value::IsObject() const
      1    0.0%    0.0%  v8::Value::IsArray() const
      1    0.0%    0.0%  v8::Value::Int32Value() const
      1    0.0%    0.0%  v8::V8::DisposeGlobal(v8::internal::Object**)
      1    0.0%    0.0%  v8::True()
      1    0.0%    0.0%  v8::String::Utf8Value::Utf8Value(v8::Handle<v8::Value>)
      1    0.0%    0.0%  v8::String::New(unsigned short const*, int)
      1    0.0%    0.0%  v8::Object::SetInternalField(int, v8::Handle<v8::Value>)
      1    0.0%    0.0%  v8::FunctionTemplate::GetFunction()
      1    0.0%    0.0%  v8::Function::NewInstance() const
      1    0.0%    0.0%  v8::Date::New(double)
      1    0.0%    0.0%  node::crypto::Hash::~Hash()
      1    0.0%    0.0%  node::crypto::Hash::New(v8::Arguments const&)
      1    0.0%    0.0%  node::Parser::on_url(http_parser*, char const*, unsigned int)
      1    0.0%    0.0%  node::Parser::on_message_begin(http_parser*)
      1    0.0%    0.0%  node::Parser::on_headers_complete(http_parser*)
      1    0.0%    0.0%  node::Parser::on_header_field(http_parser*, char const*, unsigned int)
      1    0.0%    0.0%  node::ParseEncoding(v8::Handle<v8::Value>, node::encoding)
      1    0.0%    0.0%  node::ObjectWrap::WeakCallback(v8::Persistent<v8::Value>, void*)
      1    0.0%    0.0%  node::ObjectWrap::Unref()
      1    0.0%    0.0%  node::IOWatcher::Callback(ev_io*, int)
      1    0.0%    0.0%  node::Buffer::Replace(char*, unsigned int, void (*)(char*, void*), void*)
      1    0.0%    0.0%  ev_idle_start
      1    0.0%    0.0%  epoll_wait
      1    0.0%    0.0%  eio_stat
      1    0.0%    0.0%  eio_read
      1    0.0%    0.0%  eio_open
      1    0.0%    0.0%  __pthread_enable_asynccancel
      1    0.0%    0.0%  __isnan
      1    0.0%    0.0%  __isinf
      1    0.0%    0.0%  __errno_location

 [GC]:
   ticks  total  nonlib   name
   4434    1.8%

 [Bottom up (heavy) profile]:
  Note: percentage shows a share of a particular caller in the total
  amount of its parent calls.
  Callers occupying less than 2.0% are not shown.

   ticks parent  name
  224142   90.8%  b786f000-b7870000

   9895    4.0%  /usr/lib/libv8-3.5.10.24.so
   1697   17.2%    LazyCompile: MapTiled.intersects <source>/src/common/map_tiled.js:103
   1484   87.4%      LazyCompile: *Field.intersect <source>/src/battle-city/field.js:64
   1348   90.8%        LazyCompile: Tank.step <source>/src/battle-city/objects/tank.js:85
   1347   99.9%          LazyCompile: TankBot.step <source>/src/battle-city/objects/tankbot.js:18
   1347  100.0%            LazyCompile: BotsClan.step <source>/src/battle-city/clan.js:131
    108    7.3%        LazyCompile: ~Tank.step <source>/src/battle-city/objects/tank.js:85
     86   79.6%          LazyCompile: TankBot.step <source>/src/battle-city/objects/tankbot.js:18
     86  100.0%            LazyCompile: BotsClan.step <source>/src/battle-city/clan.js:131
     22   20.4%          LazyCompile: ~TankBot.step <source>/src/battle-city/objects/tankbot.js:18
     22  100.0%            LazyCompile: BotsClan.step <source>/src/battle-city/clan.js:131
    176   10.4%      LazyCompile: *Bullet.step <source>/src/battle-city/objects/bullet.js:41
    176  100.0%        Function: Game.step <source>/src/common/game.js:41
    168   95.5%          Function: d native v8natives.js:1444
      8    4.5%          LazyCompile: *d native v8natives.js:1444
    417    4.2%    LazyCompile: MapTiled.add <source>/src/common/map_tiled.js:25
    273   65.5%      LazyCompile: *Field.setXY <source>/src/battle-city/field.js:44
    254   93.0%        LazyCompile: Tank.step <source>/src/battle-city/objects/tank.js:85
    254  100.0%          LazyCompile: TankBot.step <source>/src/battle-city/objects/tankbot.js:18
    254  100.0%            LazyCompile: BotsClan.step <source>/src/battle-city/clan.js:131
     19    7.0%        LazyCompile: Tank.startMove <source>/src/battle-city/objects/tank.js:221
     19  100.0%          LazyCompile: TankBot.step <source>/src/battle-city/objects/tankbot.js:18
     19  100.0%            LazyCompile: BotsClan.step <source>/src/battle-city/clan.js:131
     99   23.7%      LazyCompile: Field.add <source>/src/battle-city/field.js:19
     92   92.9%        LazyCompile: *Field.terrain <source>/src/battle-city/field.js:69
     83   90.2%          LazyCompile: *Game <source>/src/common/game.js:2
     83  100.0%            LazyCompile: *Premade.startGame <source>/src/common/premade.js:90
      9    9.8%          Function: ~Game <source>/src/common/game.js:2
      9  100.0%            LazyCompile: *Premade.startGame <source>/src/common/premade.js:90
      3    3.0%        LazyCompile: ~Clan.startGame <source>/src/battle-city/clan.js:92
      3  100.0%          LazyCompile: *Premade.startGame <source>/src/common/premade.js:90
      3  100.0%            Function: ~io.listen.sockets.on.socket.on.message <source>/src/server.js:158
      3    3.0%        LazyCompile: *Tank.fire <source>/src/battle-city/objects/tank.js:63
      3  100.0%          LazyCompile: TankBot.step <source>/src/battle-city/objects/tankbot.js:18
      3  100.0%            LazyCompile: BotsClan.step <source>/src/battle-city/clan.js:131
     44   10.6%      LazyCompile: *MapTiled.setXY <source>/src/common/map_tiled.js:75
     34   77.3%        LazyCompile: *Bullet.step <source>/src/battle-city/objects/bullet.js:41
     34  100.0%          Function: Game.step <source>/src/common/game.js:41
     33   97.1%            Function: d native v8natives.js:1444
      1    2.9%            LazyCompile: *d native v8natives.js:1444
     10   22.7%        LazyCompile: ~Field.setXY <source>/src/battle-city/field.js:44
     10  100.0%          LazyCompile: ~Tank.step <source>/src/battle-city/objects/tank.js:85
     10  100.0%            LazyCompile: TankBot.step <source>/src/battle-city/objects/tankbot.js:18
    292    3.0%    LazyCompile: DELETE native runtime.js:347
    208   71.2%      LazyCompile: MapTiled.remove <source>/src/common/map_tiled.js:52
    182   87.5%        LazyCompile: *Field.setXY <source>/src/battle-city/field.js:44
    172   94.5%          LazyCompile: Tank.step <source>/src/battle-city/objects/tank.js:85
    172  100.0%            LazyCompile: TankBot.step <source>/src/battle-city/objects/tankbot.js:18
     10    5.5%          LazyCompile: Tank.startMove <source>/src/battle-city/objects/tank.js:221
     10  100.0%            LazyCompile: TankBot.step <source>/src/battle-city/objects/tankbot.js:18
     18    8.7%        LazyCompile: *MapTiled.setXY <source>/src/common/map_tiled.js:75
     17   94.4%          LazyCompile: *Bullet.step <source>/src/battle-city/objects/bullet.js:41
     17  100.0%            Function: Game.step <source>/src/common/game.js:41
      1    5.6%          LazyCompile: ~Field.setXY <source>/src/battle-city/field.js:44
      1  100.0%            LazyCompile: ~Tank.step <source>/src/battle-city/objects/tank.js:85
     56   19.2%      LazyCompile: ServerUser.sendUpdatesToClient <source>/src/server/user.js:36
     48   85.7%        Function: d native v8natives.js:1444
      8   14.3%        LazyCompile: *d native v8natives.js:1444
     15    5.1%      LazyCompile: ~MapTiled.remove <source>/src/common/map_tiled.js:52
     10   66.7%        LazyCompile: *MapTiled.setXY <source>/src/common/map_tiled.js:75
     10  100.0%          LazyCompile: ~Field.setXY <source>/src/battle-city/field.js:44
      7   70.0%            LazyCompile: ~Tank.step <source>/src/battle-city/objects/tank.js:85
      3   30.0%            LazyCompile: ~Tank.startMove <source>/src/battle-city/objects/tank.js:221
      3   20.0%        LazyCompile: *MapTiled.move <source>/src/common/map_tiled.js:83
      3  100.0%          LazyCompile: ~Field.move <source>/src/battle-city/field.js:49
      3  100.0%            LazyCompile: ~Bullet.step <source>/src/battle-city/objects/bullet.js:41
      2   13.3%        LazyCompile: ~MapTiled.setXY <source>/src/common/map_tiled.js:75
      1   50.0%          LazyCompile: ~MapTiled.move <source>/src/common/map_tiled.js:83
      1  100.0%            LazyCompile: ~Field.move <source>/src/battle-city/field.js:49
      1   50.0%          LazyCompile: ~Field.setXY <source>/src/battle-city/field.js:44
      1  100.0%            LazyCompile: ~Tank.step <source>/src/battle-city/objects/tank.js:85
     10    3.4%      LazyCompile: *MapTiled.remove <source>/src/common/map_tiled.js:52
     10  100.0%        LazyCompile: *MapTiled.setXY <source>/src/common/map_tiled.js:75
     10  100.0%          LazyCompile: ~Field.setXY <source>/src/battle-city/field.js:44
     10  100.0%            LazyCompile: ~Tank.step <source>/src/battle-city/objects/tank.js:85
    249    2.5%    LazyCompile: FILTER_KEY native runtime.js:398
    184   73.9%      LazyCompile: MapTiled.intersects <source>/src/common/map_tiled.js:103
    158   85.9%        LazyCompile: *Field.intersect <source>/src/battle-city/field.js:64
    143   90.5%          LazyCompile: Tank.step <source>/src/battle-city/objects/tank.js:85
    143  100.0%            LazyCompile: TankBot.step <source>/src/battle-city/objects/tankbot.js:18
     10    6.3%          LazyCompile: ~Tank.step <source>/src/battle-city/objects/tank.js:85
      9   90.0%            LazyCompile: TankBot.step <source>/src/battle-city/objects/tankbot.js:18
      1   10.0%            LazyCompile: ~TankBot.step <source>/src/battle-city/objects/tankbot.js:18
      4    2.5%          LazyCompile: ~Wall.hit <source>/src/battle-city/objects/wall.js:43
      3   75.0%            LazyCompile: ~Wall.hit <source>/src/battle-city/objects/wall.js:43
      1   25.0%            LazyCompile: Bullet.onIntersect <source>/src/battle-city/objects/bullet.js:54
     23   12.5%        LazyCompile: *Bullet.step <source>/src/battle-city/objects/bullet.js:41
     23  100.0%          Function: Game.step <source>/src/common/game.js:41
     21   91.3%            Function: d native v8natives.js:1444
      2    8.7%            LazyCompile: *d native v8natives.js:1444
     25   10.0%      LazyCompile: ServerUser.sendUpdatesToClient <source>/src/server/user.js:36
     20   80.0%        Function: d native v8natives.js:1444
      5   20.0%        LazyCompile: *d native v8natives.js:1444
      8    3.2%      LazyCompile: MapTiled.traversal <source>/src/common/map_tiled.js:133
      8  100.0%        LazyCompile: *Field.traversal <source>/src/battle-city/field.js:104
      8  100.0%          LazyCompile: ServerUser.watchCollection <source>/src/server/user.js:147
      8  100.0%            LazyCompile: ~<anonymous> <source>/src/common/premade.js:97
      8    3.2%      LazyCompile: BotsClan.step <source>/src/battle-city/clan.js:131
      8  100.0%        Function: Game.step <source>/src/common/game.js:41
      7   87.5%          Function: d native v8natives.js:1444
      1   12.5%          LazyCompile: *d native v8natives.js:1444
      7    2.8%      LazyCompile: TList.count <source>/src/common/list.js:61
      7  100.0%        LazyCompile: BotsClan.step <source>/src/battle-city/clan.js:131
      7  100.0%          Function: Game.step <source>/src/common/game.js:41
      7  100.0%            Function: d native v8natives.js:1444

